0 info it worked if it ends with ok
1 verbose cli [ '/usr/bin/node', '/usr/bin/npm', 'install', 'os' ]
2 info using npm@1.4.28
3 info using node@v0.10.38
4 verbose node symlink /usr/bin/node
5 verbose cache add [ 'os', null ]
6 verbose cache add name=undefined spec="os" args=["os",null]
7 verbose parsed url { protocol: null,
7 verbose parsed url   slashes: null,
7 verbose parsed url   auth: null,
7 verbose parsed url   host: null,
7 verbose parsed url   port: null,
7 verbose parsed url   hostname: null,
7 verbose parsed url   hash: null,
7 verbose parsed url   search: null,
7 verbose parsed url   query: null,
7 verbose parsed url   pathname: 'os',
7 verbose parsed url   path: 'os',
7 verbose parsed url   href: 'os' }
8 silly lockFile 999a3419-os os
9 verbose lock os /home/vineeth/.npm/999a3419-os.lock
10 silly lockFile 999a3419-os os
11 silly lockFile 999a3419-os os
12 verbose addNamed [ 'os', '' ]
13 verbose addNamed [ null, '*' ]
14 silly lockFile 46c56d42-os os@
15 verbose lock os@ /home/vineeth/.npm/46c56d42-os.lock
16 silly addNameRange { name: 'os', range: '*', hasData: false }
17 verbose request where is /os
18 verbose request registry https://registry.npmjs.org/
19 verbose request id b432372ebbd5ff25
20 verbose url raw /os
21 verbose url resolving [ 'https://registry.npmjs.org/', './os' ]
22 verbose url resolved https://registry.npmjs.org/os
23 verbose request where is https://registry.npmjs.org/os
24 info trying registry request attempt 1 at 19:07:33
25 http GET https://registry.npmjs.org/os
26 http 404 https://registry.npmjs.org/os
27 verbose headers { server: 'CouchDB/1.5.0 (Erlang OTP/R16B03)',
27 verbose headers   'content-type': 'application/json',
27 verbose headers   'cache-control': 'max-age=0',
27 verbose headers   'content-length': '51',
27 verbose headers   'accept-ranges': 'bytes',
27 verbose headers   date: 'Sun, 31 May 2015 13:37:35 GMT',
27 verbose headers   via: '1.1 varnish',
27 verbose headers   age: '0',
27 verbose headers   connection: 'keep-alive',
27 verbose headers   'x-served-by': 'cache-atl6222-ATL',
27 verbose headers   'x-cache': 'MISS',
27 verbose headers   'x-cache-hits': '0',
27 verbose headers   'x-timer': 'S1433079455.079352,VS0,VE30' }
28 silly registry.get cb [ 404,
28 silly registry.get   { server: 'CouchDB/1.5.0 (Erlang OTP/R16B03)',
28 silly registry.get     'content-type': 'application/json',
28 silly registry.get     'cache-control': 'max-age=0',
28 silly registry.get     'content-length': '51',
28 silly registry.get     'accept-ranges': 'bytes',
28 silly registry.get     date: 'Sun, 31 May 2015 13:37:35 GMT',
28 silly registry.get     via: '1.1 varnish',
28 silly registry.get     age: '0',
28 silly registry.get     connection: 'keep-alive',
28 silly registry.get     'x-served-by': 'cache-atl6222-ATL',
28 silly registry.get     'x-cache': 'MISS',
28 silly registry.get     'x-cache-hits': '0',
28 silly registry.get     'x-timer': 'S1433079455.079352,VS0,VE30' } ]
29 silly lockFile 46c56d42-os os@
30 silly lockFile 46c56d42-os os@
31 error 404 404 Not Found: os
31 error 404
31 error 404 'os' is not in the npm registry.
31 error 404 You should bug the author to publish it
31 error 404
31 error 404 Note that you can also install from a
31 error 404 tarball, folder, or http url, or git url.
32 error System Linux 3.13.0-24-generic
33 error command "/usr/bin/node" "/usr/bin/npm" "install" "os"
34 error cwd /opt/node/service
35 error node -v v0.10.38
36 error npm -v 1.4.28
37 error code E404
38 verbose exit [ 1, true ]
